Using pre-set license
Built from '2020.3/china_unity/release' branch; Version is '2020.3.48f1c1 (06fbdfbf16e3) revision 457695'; Using compiler version '192528614'; Build Type 'Release'
OS: 'Windows 11  (10.0.22631) 64bit CoreCountrySpecific' Language: 'zh' Physical Memory: 32515 MB
BatchMode: 1, IsHumanControllingUs: 0, StartBugReporterOnCrash: 0, Is64bit: 1, IsPro: 0

COMMAND LINE ARGUMENTS:
D:\u3d\2020.3.48f1c1\Editor\Unity.exe
-adb2
-batchMode
-noUpm
-name
AssetImportWorker0
-projectPath
D:/Taptap2024/theEnd
-logFile
Logs/AssetImportWorker0.log
-srvPort
59702
Successfully changed project path to: D:/Taptap2024/theEnd
D:/Taptap2024/theEnd
Using Asset Import Pipeline V2.
Player connection [22512] Host "[IP] 10.100.5.254 [Port] 2953006112 [Flags] 2 [Guid] 337951796 [EditorId] 337951796 [Version] 1048832 [Id] WindowsEditor(7,LAPTOP-IJTUF6HB) [Debug] 1 [PackageName] WindowsEditor [ProjectName] Editor" joined multi-casting on [225.0.0.222:54997]...

Player connection [22512] Host "[IP] 10.100.5.254 [Port] 2953006112 [Flags] 2 [Guid] 337951796 [EditorId] 337951796 [Version] 1048832 [Id] WindowsEditor(7,LAPTOP-IJTUF6HB) [Debug] 1 [PackageName] WindowsEditor [ProjectName] Editor" joined alternative multi-casting on [225.0.0.222:34997]...

AS: AutoStreaming module initializing.Refreshing native plugins compatible for Editor in 51.85 ms, found 3 plugins.
Preloading 0 native plugins for Editor in 0.00 ms.
Initialize engine version: 2020.3.48f1c1 (06fbdfbf16e3)
[Subsystems] Discovering subsystems at path D:/u3d/2020.3.48f1c1/Editor/Data/Resources/UnitySubsystems
[Subsystems] Discovering subsystems at path D:/Taptap2024/theEnd/Assets
GfxDevice: creating device client; threaded=0
Direct3D:
    Version:  Direct3D 11.0 [level 11.1]
    Renderer: NVIDIA GeForce RTX 3080 Laptop GPU (ID=0x249c)
    Vendor:   
    VRAM:     16177 MB
    Driver:   32.0.15.6081
Shader 'BOXOPHOBIC/Polyverse Skies/Standard': fallback shader 'False' not found
Shader 'BOXOPHOBIC/Polyverse Skies/Simple': fallback shader 'False' not found
Initialize mono
Mono path[0] = 'D:/u3d/2020.3.48f1c1/Editor/Data/Managed'
Mono path[1] = 'D:/u3d/2020.3.48f1c1/Editor/Data/MonoBleedingEdge/lib/mono/unityjit'
Mono config path = 'D:/u3d/2020.3.48f1c1/Editor/Data/MonoBleedingEdge/etc'
Using monoOptions --debugger-agent=transport=dt_socket,embedding=1,server=y,suspend=n,address=127.0.0.1:56396
Begin MonoManager ReloadAssembly
Registering precompiled unity dll's ...
Register platform support module: D:/u3d/2020.3.48f1c1/Editor/Data/PlaybackEngines/WindowsStandaloneSupport/UnityEditor.WindowsStandalone.Extensions.dll
Registered in 0.000602 seconds.
Native extension for WindowsStandalone target not found
Refreshing native plugins compatible for Editor in 67.12 ms, found 3 plugins.
Preloading 0 native plugins for Editor in 0.00 ms.
Mono: successfully reloaded assembly
- Completed reload, in  0.517 seconds
Domain Reload Profiling:
	ReloadAssembly (517ms)
		BeginReloadAssembly (43ms)
			ExecutionOrderSort (0ms)
			DisableScriptedObjects (0ms)
			BackupInstance (0ms)
			ReleaseScriptingObjects (0ms)
			CreateAndSetChildDomain (1ms)
		EndReloadAssembly (416ms)
			LoadAssemblies (43ms)
			RebuildTransferFunctionScriptingTraits (0ms)
			SetupTypeCache (123ms)
			ReleaseScriptCaches (0ms)
			RebuildScriptCaches (25ms)
			SetupLoadedEditorAssemblies (182ms)
				LogAssemblyErrors (0ms)
				InitializePlatformSupportModulesInManaged (4ms)
				SetLoadedEditorAssemblies (0ms)
				RefreshPlugins (67ms)
				BeforeProcessingInitializeOnLoad (14ms)
				ProcessInitializeOnLoadAttributes (71ms)
				ProcessInitializeOnLoadMethodAttributes (26ms)
				AfterProcessingInitializeOnLoad (0ms)
				EditorAssembliesLoaded (0ms)
			ExecutionOrderSort2 (0ms)
			AwakeInstancesAfterBackupRestoration (0ms)
Platform modules already initialized, skipping
Registering precompiled user dll's ...
Registered in 0.002603 seconds.
Begin MonoManager ReloadAssembly
Native extension for WindowsStandalone target not found
Refreshing native plugins compatible for Editor in 0.49 ms, found 3 plugins.
Preloading 0 native plugins for Editor in 0.00 ms.
Mono: successfully reloaded assembly
- Completed reload, in  0.998 seconds
Domain Reload Profiling:
	ReloadAssembly (998ms)
		BeginReloadAssembly (115ms)
			ExecutionOrderSort (0ms)
			DisableScriptedObjects (3ms)
			BackupInstance (0ms)
			ReleaseScriptingObjects (0ms)
			CreateAndSetChildDomain (19ms)
		EndReloadAssembly (830ms)
			LoadAssemblies (78ms)
			RebuildTransferFunctionScriptingTraits (0ms)
			SetupTypeCache (207ms)
			ReleaseScriptCaches (0ms)
			RebuildScriptCaches (32ms)
			SetupLoadedEditorAssemblies (460ms)
				LogAssemblyErrors (0ms)
				InitializePlatformSupportModulesInManaged (3ms)
				SetLoadedEditorAssemblies (0ms)
				RefreshPlugins (1ms)
				BeforeProcessingInitializeOnLoad (66ms)
				ProcessInitializeOnLoadAttributes (382ms)
				ProcessInitializeOnLoadMethodAttributes (6ms)
				AfterProcessingInitializeOnLoad (1ms)
				EditorAssembliesLoaded (0ms)
			ExecutionOrderSort2 (0ms)
			AwakeInstancesAfterBackupRestoration (1ms)
Platform modules already initialized, skipping
========================================================================
Worker process is ready to serve import requests
Shader 'BOXOPHOBIC/Polyverse Skies/Standard': fallback shader 'False' not found
Shader 'BOXOPHOBIC/Polyverse Skies/Simple': fallback shader 'False' not found
Launched and connected shader compiler UnityShaderCompiler.exe after 0.04 seconds
Refreshing native plugins compatible for Editor in 0.55 ms, found 3 plugins.
Preloading 0 native plugins for Editor in 0.00 ms.
Unloading 2712 Unused Serialized files (Serialized files now loaded: 0)
System memory in use before: 122.6 MB.
System memory in use after: 122.8 MB.

Unloading 15 unused Assets to reduce memory usage. Loaded Objects now: 3171.
Total: 2.975400 ms (FindLiveObjects: 0.159700 ms CreateObjectMapping: 0.058200 ms MarkObjects: 2.680500 ms  DeleteObjects: 0.076300 ms)

AssetImportParameters requested are different than current active one (requested -> active):
  custom:framework-win-MediaFoundation: 216162199b28c13a410421893ffa2e32 -> 
  custom:video-decoder-ogg-theora: a1e56fd34408186e4bbccfd4996cb3dc -> 
  custom:container-muxer-webm: aa71ff27fc2769a1b78a27578f13a17b -> 
  custom:container-demuxer-webm: 4f35f7cbe854078d1ac9338744f61a02 -> 
  custom:container-demuxer-ogg: 62fdf1f143b41e24485cea50d1cbac27 -> 
  custom:video-encoder-webm-vp8: eb34c28f22e8b96e1ab97ce403110664 -> 
  custom:video-decoder-webm-vp8: 9c59270c3fd7afecdb556c50c9e8de78 -> 
  custom:audio-decoder-ogg-vorbis: bf7c407c2cedff20999df2af8eb42d56 -> 
  custom:audio-encoder-webm-vorbis: bf7c407c2cedff20999df2af8eb42d56 -> 
========================================================================
Received Import Request.
  path: Assets/gost - 副本.fbx
  artifactKey: Guid(943d974b0ebe110439d4c772adcbf834) Importer(815301076,1909f56bfc062723c751e8b465ee728b)
Start importing Assets/gost - 副本.fbx using Guid(943d974b0ebe110439d4c772adcbf834) Importer(815301076,1909f56bfc062723c751e8b465ee728b)  -> (artifact id: '129f0ee1fabc0d8380ee92b6d442576a') in 0.174317 seconds 
========================================================================
Received Import Request.
  Time since last request: 35.588753 seconds.
  path: Assets/_MK/MKMeshUtility/MK.MeshUtility.asmdef
  artifactKey: Guid(a3518073e30e8254aa9943c250d6d386) Importer(815301076,1909f56bfc062723c751e8b465ee728b)
Start importing Assets/_MK/MKMeshUtility/MK.MeshUtility.asmdef using Guid(a3518073e30e8254aa9943c250d6d386) Importer(815301076,1909f56bfc062723c751e8b465ee728b)  -> (artifact id: '2db937ba7d1a606717f807e0cfc87800') in 0.011468 seconds 
========================================================================
Received Import Request.
  Time since last request: 0.647413 seconds.
  path: Assets/_MK/MKToon/MK.Toon.asmdef
  artifactKey: Guid(b71ef49f2d068b249b45a8d04b7b3daa) Importer(815301076,1909f56bfc062723c751e8b465ee728b)
Start importing Assets/_MK/MKToon/MK.Toon.asmdef using Guid(b71ef49f2d068b249b45a8d04b7b3daa) Importer(815301076,1909f56bfc062723c751e8b465ee728b)  -> (artifact id: '347aeaa2376cd0590170b86838d79513') in 0.009145 seconds 
========================================================================
Received Import Request.
  Time since last request: 2.704955 seconds.
  path: Assets/_MK/MKRampCreator/MKRampCreator.asmdef
  artifactKey: Guid(e99e2dde74f3f774ab5884ac37702b13) Importer(815301076,1909f56bfc062723c751e8b465ee728b)
Start importing Assets/_MK/MKRampCreator/MKRampCreator.asmdef using Guid(e99e2dde74f3f774ab5884ac37702b13) Importer(815301076,1909f56bfc062723c751e8b465ee728b)  -> (artifact id: '2eeecb3a20e656e0f2d547a98bcf5631') in 0.006576 seconds 
AssetImportWorkerClient::OnTransportError - code=2 error=End of file
